{"C:\\private\\form-schema-parser\\src\\formContainer.ts": {"path":"C:\\private\\form-schema-parser\\src\\formContainer.ts","statementMap":{"0":{"start":{"line":15,"column":4},"end":{"line":15,"column":21}},"1":{"start":{"line":19,"column":4},"end":{"line":19,"column":26}},"2":{"start":{"line":23,"column":4},"end":{"line":23,"column":26}},"3":{"start":{"line":27,"column":4},"end":{"line":27,"column":34}},"4":{"start":{"line":31,"column":4},"end":{"line":31,"column":27}},"5":{"start":{"line":35,"column":4},"end":{"line":35,"column":32}},"6":{"start":{"line":39,"column":4},"end":{"line":39,"column":44}},"7":{"start":{"line":11,"column":0},"end":{"line":41,"column":1}},"8":{"start":{"line":50,"column":4},"end":{"line":50,"column":25}},"9":{"start":{"line":47,"column":12},"end":{"line":47,"column":41}},"10":{"start":{"line":48,"column":12},"end":{"line":48,"column":63}},"11":{"start":{"line":52,"column":4},"end":{"line":52,"column":28}},"12":{"start":{"line":56,"column":4},"end":{"line":72,"column":5}},"13":{"start":{"line":57,"column":23},"end":{"line":57,"column":78}},"14":{"start":{"line":59,"column":20},"end":{"line":59,"column":22}},"15":{"start":{"line":60,"column":6},"end":{"line":67,"column":7}},"16":{"start":{"line":61,"column":24},"end":{"line":64,"column":9}},"17":{"start":{"line":66,"column":8},"end":{"line":66,"column":28}},"18":{"start":{"line":69,"column":6},"end":{"line":69,"column":33}},"19":{"start":{"line":71,"column":6},"end":{"line":71,"column":52}},"20":{"start":{"line":76,"column":4},"end":{"line":76,"column":32}},"21":{"start":{"line":80,"column":4},"end":{"line":80,"column":31}},"22":{"start":{"line":43,"column":0},"end":{"line":82,"column":1}},"23":{"start":{"line":84,"column":0},"end":{"line":84,"column":55}},"24":{"start":{"line":86,"column":0},"end":{"line":86,"column":56}},"25":{"start":{"line":89,"column":10},"end":{"line":89,"column":44}},"26":{"start":{"line":92,"column":4},"end":{"line":92,"column":36}},"27":{"start":{"line":96,"column":4},"end":{"line":96,"column":28}},"28":{"start":{"line":88,"column":0},"end":{"line":98,"column":1}}},"fnMap":{"0":{"name":"(anonymous_0)","decl":{"start":{"line":14,"column":2},"end":{"line":14,"column":13}},"loc":{"start":{"line":14,"column":34},"end":{"line":16,"column":3}}},"1":{"name":"(anonymous_1)","decl":{"start":{"line":18,"column":2},"end":{"line":18,"column":12}},"loc":{"start":{"line":18,"column":17},"end":{"line":20,"column":3}}},"2":{"name":"(anonymous_2)","decl":{"start":{"line":22,"column":2},"end":{"line":22,"column":12}},"loc":{"start":{"line":22,"column":17},"end":{"line":24,"column":3}}},"3":{"name":"(anonymous_3)","decl":{"start":{"line":26,"column":2},"end":{"line":26,"column":12}},"loc":{"start":{"line":26,"column":25},"end":{"line":28,"column":3}}},"4":{"name":"(anonymous_4)","decl":{"start":{"line":30,"column":2},"end":{"line":30,"column":12}},"loc":{"start":{"line":30,"column":18},"end":{"line":32,"column":3}}},"5":{"name":"(anonymous_5)","decl":{"start":{"line":34,"column":2},"end":{"line":34,"column":12}},"loc":{"start":{"line":34,"column":23},"end":{"line":36,"column":3}}},"6":{"name":"(anonymous_6)","decl":{"start":{"line":38,"column":9},"end":{"line":38,"column":16}},"loc":{"start":{"line":38,"column":30},"end":{"line":40,"column":3}}},"7":{"name":"(anonymous_7)","decl":{"start":{"line":46,"column":2},"end":{"line":47,"column":11}},"loc":{"start":{"line":48,"column":63},"end":{"line":53,"column":3}}},"8":{"name":"(anonymous_8)","decl":{"start":{"line":55,"column":2},"end":{"line":55,"column":6}},"loc":{"start":{"line":55,"column":24},"end":{"line":73,"column":3}}},"9":{"name":"(anonymous_9)","decl":{"start":{"line":75,"column":2},"end":{"line":75,"column":12}},"loc":{"start":{"line":75,"column":53},"end":{"line":77,"column":3}}},"10":{"name":"(anonymous_10)","decl":{"start":{"line":79,"column":2},"end":{"line":79,"column":12}},"loc":{"start":{"line":79,"column":26},"end":{"line":81,"column":3}}},"11":{"name":"(anonymous_11)","decl":{"start":{"line":88,"column":0},"end":{"line":null,"column":-1}},"loc":{"start":{"line":88,"column":0},"end":{"line":98,"column":1}}},"12":{"name":"(anonymous_12)","decl":{"start":{"line":91,"column":9},"end":{"line":91,"column":11}},"loc":{"start":{"line":91,"column":37},"end":{"line":93,"column":3}}},"13":{"name":"(anonymous_13)","decl":{"start":{"line":95,"column":2},"end":{"line":95,"column":5}},"loc":{"start":{"line":95,"column":16},"end":{"line":97,"column":3}}}},"branchMap":{"0":{"loc":{"start":{"line":56,"column":4},"end":{"line":72,"column":5}},"type":"if","locations":[{"start":{"line":56,"column":4},"end":{"line":72,"column":5}},{"start":{"line":56,"column":4},"end":{"line":72,"column":5}}]}},"s":{"0":0,"1":0,"2":0,"3":0,"4":0,"5":0,"6":0,"7":1,"8":0,"9":0,"10":0,"11":0,"12":0,"13":0,"14":0,"15":0,"16":0,"17":0,"18":0,"19":0,"20":0,"21":0,"22":1,"23":1,"24":1,"25":0,"26":0,"27":0,"28":1},"f":{"0":0,"1":0,"2":0,"3":0,"4":0,"5":0,"6":0,"7":0,"8":0,"9":0,"10":0,"11":0,"12":0,"13":0},"b":{"0":[0,0]}}
,"C:\\private\\form-schema-parser\\src\\formSchemaParser.ts": {"path":"C:\\private\\form-schema-parser\\src\\formSchemaParser.ts","statementMap":{"0":{"start":{"line":1,"column":0},"end":{"line":8,"column":24}},"1":{"start":{"line":14,"column":12},"end":{"line":14,"column":29}},"2":{"start":{"line":15,"column":12},"end":{"line":15,"column":51}},"3":{"start":{"line":19,"column":4},"end":{"line":19,"column":23}},"4":{"start":{"line":20,"column":4},"end":{"line":20,"column":27}},"5":{"start":{"line":24,"column":4},"end":{"line":24,"column":51}},"6":{"start":{"line":28,"column":26},"end":{"line":28,"column":45}},"7":{"start":{"line":30,"column":4},"end":{"line":47,"column":5}},"8":{"start":{"line":31,"column":20},"end":{"line":31,"column":44}},"9":{"start":{"line":33,"column":6},"end":{"line":46,"column":7}},"10":{"start":{"line":35,"column":10},"end":{"line":35,"column":59}},"11":{"start":{"line":36,"column":10},"end":{"line":36,"column":19}},"12":{"start":{"line":38,"column":10},"end":{"line":38,"column":58}},"13":{"start":{"line":39,"column":10},"end":{"line":39,"column":19}},"14":{"start":{"line":41,"column":10},"end":{"line":41,"column":78}},"15":{"start":{"line":42,"column":10},"end":{"line":42,"column":19}},"16":{"start":{"line":45,"column":10},"end":{"line":45,"column":19}},"17":{"start":{"line":49,"column":4},"end":{"line":49,"column":36}},"18":{"start":{"line":53,"column":4},"end":{"line":53,"column":28}},"19":{"start":{"line":57,"column":4},"end":{"line":57,"column":34}},"20":{"start":{"line":10,"column":0},"end":{"line":59,"column":1}}},"fnMap":{"0":{"name":"(anonymous_0)","decl":{"start":{"line":13,"column":2},"end":{"line":14,"column":11}},"loc":{"start":{"line":15,"column":51},"end":{"line":16,"column":6}}},"1":{"name":"(anonymous_1)","decl":{"start":{"line":18,"column":9},"end":{"line":18,"column":26}},"loc":{"start":{"line":18,"column":27},"end":{"line":21,"column":3}}},"2":{"name":"(anonymous_2)","decl":{"start":{"line":23,"column":9},"end":{"line":23,"column":19}},"loc":{"start":{"line":23,"column":20},"end":{"line":25,"column":3}}},"3":{"name":"(anonymous_3)","decl":{"start":{"line":27,"column":9},"end":{"line":27,"column":27}},"loc":{"start":{"line":27,"column":28},"end":{"line":50,"column":3}}},"4":{"name":"(anonymous_4)","decl":{"start":{"line":52,"column":2},"end":{"line":52,"column":5}},"loc":{"start":{"line":52,"column":16},"end":{"line":54,"column":3}}},"5":{"name":"(anonymous_5)","decl":{"start":{"line":56,"column":2},"end":{"line":56,"column":5}},"loc":{"start":{"line":56,"column":42},"end":{"line":58,"column":3}}}},"branchMap":{"0":{"loc":{"start":{"line":34,"column":8},"end":{"line":36,"column":19}},"type":"switch","locations":[{"start":{"line":34,"column":8},"end":{"line":36,"column":19}},{"start":{"line":37,"column":8},"end":{"line":39,"column":19}},{"start":{"line":40,"column":8},"end":{"line":42,"column":19}},{"start":{"line":43,"column":8},"end":{"line":45,"column":19}}]}},"s":{"0":1,"1":1,"2":1,"3":0,"4":0,"5":0,"6":0,"7":0,"8":0,"9":0,"10":0,"11":0,"12":0,"13":0,"14":0,"15":0,"16":0,"17":0,"18":0,"19":0,"20":1},"f":{"0":1,"1":0,"2":0,"3":0,"4":0,"5":0},"b":{"0":[0,0,0,0]}}
}
